<?xml version="1.0" encoding="UTF-8"?>
<!-- Generated by org.testng.reporters.JUnitReportReporter -->
<testsuite hostname="DESKTOP-B9KJEIH" failures="0" tests="1" name="com.Amazon.TestClasses.TC05_VerifyLevisJeansAddToCartFunctionality" time="74.805" errors="0" timestamp="2023-05-24T11:24:09 IST" skipped="0">
  <testcase classname="com.Amazon.TestClasses.TC05_VerifyLevisJeansAddToCartFunctionality" name="verifyLevisJeansAddToCartFunctionality" time="74.805"/>
  <system-out/>
</testsuite> <!-- com.Amazon.TestClasses.TC05_VerifyLevisJeansAddToCartFunctionality -->
