<?xml version="1.0" encoding="UTF-8"?>
<!-- Generated by org.testng.reporters.JUnitReportReporter -->
<testsuite hostname="DESKTOP-B9KJEIH" failures="0" tests="1" name="com.Amazon.TestClasses.TC03_VerifyAddToCartFunctionality" time="51.374" errors="0" timestamp="2023-03-20T12:39:46 IST" skipped="0">
  <testcase classname="com.Amazon.TestClasses.TC03_VerifyAddToCartFunctionality" name="verifyAddToCartFunctionality" time="51.374"/>
  <system-out/>
</testsuite> <!-- com.Amazon.TestClasses.TC03_VerifyAddToCartFunctionality -->
