<?xml version="1.0" encoding="UTF-8"?>
<!-- Generated by org.testng.reporters.JUnitReportReporter -->
<testsuite hostname="DESKTOP-B9KJEIH" failures="0" tests="4" name="com.Amazon.TestClasses.TC01_VerifyLogInFunctionality" time="99.511" errors="0" timestamp="2023-06-01T19:56:56 IST" skipped="0">
  <testcase classname="com.Amazon.TestClasses.TC01_VerifyLogInFunctionality" name="verifyLogInFunctionality" time="18.998"/>
  <system-out/>
  <testcase classname="com.Amazon.TestClasses.TC01_VerifyLogInFunctionality" name="verifyLogInFunctionality" time="20.974"/>
  <system-out/>
  <testcase classname="com.Amazon.TestClasses.TC01_VerifyLogInFunctionality" name="verifyLogInFunctionality" time="19.252"/>
  <system-out/>
  <testcase classname="com.Amazon.TestClasses.TC01_VerifyLogInFunctionality" name="verifyLogInFunctionality" time="40.287"/>
  <system-out/>
</testsuite> <!-- com.Amazon.TestClasses.TC01_VerifyLogInFunctionality -->
