<?xml version="1.0" encoding="UTF-8"?>
<!-- Generated by org.testng.reporters.JUnitReportReporter -->
<testsuite hostname="DESKTOP-B9KJEIH" failures="0" tests="1" name="com.Amazon.TestClasses.TC02_VerifyLogoutFunctionality" time="35.331" errors="0" timestamp="2023-03-20T11:15:57 IST" skipped="0">
  <testcase classname="com.Amazon.TestClasses.TC02_VerifyLogoutFunctionality" name="verifyLogoutFunctionality" time="35.331"/>
  <system-out/>
</testsuite> <!-- com.Amazon.TestClasses.TC02_VerifyLogoutFunctionality -->
