<?xml version="1.0" encoding="UTF-8"?>
<!-- Generated by org.testng.reporters.JUnitReportReporter -->
<testsuite hostname="DESKTOP-B9KJEIH" failures="0" tests="1" name="com.Amazon.TestClasses.TC04_VerifyAlIiphonesAddToCartFunctionality" time="89.625" errors="0" timestamp="2023-03-21T12:28:20 IST" skipped="0">
  <testcase classname="com.Amazon.TestClasses.TC04_VerifyAlIiphonesAddToCartFunctionality" name="verifyLogoutFunctionality" time="89.625"/>
  <system-out/>
</testsuite> <!-- com.Amazon.TestClasses.TC04_VerifyAlIiphonesAddToCartFunctionality -->
